<?xml version="1.0" encoding="UTF-8"?>
<testsuite xmlns:xsi="http://www.w3.org/2001/XMLSchema-instance" xsi:noNamespaceSchemaLocation="https://maven.apache.org/surefire/maven-surefire-plugin/xsd/surefire-test-report-3.0.xsd" version="3.0" name="slojbaze.ObrisiTest" time="2.376" tests="14" errors="0" skipped="0" failures="0">
  <properties>
    <property name="java.specification.version" value="23"/>
    <property name="sun.cpu.isalist" value="amd64"/>
    <property name="sun.jnu.encoding" value="Cp1252"/>
    <property name="java.class.path" value="C:\Users\Djurkovic\Documents\NetBeansProjects\Boris_Djurkovic_20220061_ProjSoft_server_maven\target\test-classes;C:\Users\Djurkovic\Documents\NetBeansProjects\Boris_Djurkovic_20220061_ProjSoft_server_maven\target\classes;C:\Users\Djurkovic\.m2\repository\com\zaxxer\HikariCP\6.3.0\HikariCP-6.3.0.jar;C:\Users\Djurkovic\.m2\repository\org\slf4j\slf4j-api\1.7.36\slf4j-api-1.7.36.jar;C:\Users\Djurkovic\.m2\repository\com\mysql\mysql-connector-j\9.1.0\mysql-connector-j-9.1.0.jar;C:\Users\Djurkovic\.m2\repository\com\google\protobuf\protobuf-java\4.26.1\protobuf-java-4.26.1.jar;C:\Users\Djurkovic\.m2\repository\junit\junit\4.13.2\junit-4.13.2.jar;C:\Users\Djurkovic\.m2\repository\org\hamcrest\hamcrest-core\1.3\hamcrest-core-1.3.jar;C:\Users\Djurkovic\.m2\repository\org\reflections\reflections\0.10.2\reflections-0.10.2.jar;C:\Users\Djurkovic\.m2\repository\org\javassist\javassist\3.28.0-GA\javassist-3.28.0-GA.jar;C:\Users\Djurkovic\.m2\repository\com\google\code\findbugs\jsr305\3.0.2\jsr305-3.0.2.jar;C:\Users\Djurkovic\.m2\repository\com\esotericsoftware\kryo\5.6.2\kryo-5.6.2.jar;C:\Users\Djurkovic\.m2\repository\com\esotericsoftware\reflectasm\1.11.9\reflectasm-1.11.9.jar;C:\Users\Djurkovic\.m2\repository\org\objenesis\objenesis\3.4\objenesis-3.4.jar;C:\Users\Djurkovic\.m2\repository\com\esotericsoftware\minlog\1.3.1\minlog-1.3.1.jar;"/>
    <property name="java.vm.vendor" value="Oracle Corporation"/>
    <property name="sun.arch.data.model" value="64"/>
    <property name="user.variant" value=""/>
    <property name="java.vendor.url" value="https://java.oracle.com/"/>
    <property name="user.timezone" value="Europe/Budapest"/>
    <property name="os.name" value="Windows 10"/>
    <property name="java.vm.specification.version" value="23"/>
    <property name="sun.java.launcher" value="SUN_STANDARD"/>
    <property name="user.country" value="US"/>
    <property name="sun.boot.library.path" value="C:\Program Files\Java\jdk-23\bin"/>
    <property name="sun.java.command" value="C:\Users\Djurkovic\AppData\Local\Temp\surefire1895608306264817275\surefirebooter-20250707225040019_3.jar C:\Users\Djurkovic\AppData\Local\Temp\surefire1895608306264817275 2025-07-07T22-50-39_776-jvmRun1 surefire-20250707225040019_1tmp surefire_0-20250707225040019_2tmp"/>
    <property name="jdk.debug" value="release"/>
    <property name="surefire.test.class.path" value="C:\Users\Djurkovic\Documents\NetBeansProjects\Boris_Djurkovic_20220061_ProjSoft_server_maven\target\test-classes;C:\Users\Djurkovic\Documents\NetBeansProjects\Boris_Djurkovic_20220061_ProjSoft_server_maven\target\classes;C:\Users\Djurkovic\.m2\repository\com\zaxxer\HikariCP\6.3.0\HikariCP-6.3.0.jar;C:\Users\Djurkovic\.m2\repository\org\slf4j\slf4j-api\1.7.36\slf4j-api-1.7.36.jar;C:\Users\Djurkovic\.m2\repository\com\mysql\mysql-connector-j\9.1.0\mysql-connector-j-9.1.0.jar;C:\Users\Djurkovic\.m2\repository\com\google\protobuf\protobuf-java\4.26.1\protobuf-java-4.26.1.jar;C:\Users\Djurkovic\.m2\repository\junit\junit\4.13.2\junit-4.13.2.jar;C:\Users\Djurkovic\.m2\repository\org\hamcrest\hamcrest-core\1.3\hamcrest-core-1.3.jar;C:\Users\Djurkovic\.m2\repository\org\reflections\reflections\0.10.2\reflections-0.10.2.jar;C:\Users\Djurkovic\.m2\repository\org\javassist\javassist\3.28.0-GA\javassist-3.28.0-GA.jar;C:\Users\Djurkovic\.m2\repository\com\google\code\findbugs\jsr305\3.0.2\jsr305-3.0.2.jar;C:\Users\Djurkovic\.m2\repository\com\esotericsoftware\kryo\5.6.2\kryo-5.6.2.jar;C:\Users\Djurkovic\.m2\repository\com\esotericsoftware\reflectasm\1.11.9\reflectasm-1.11.9.jar;C:\Users\Djurkovic\.m2\repository\org\objenesis\objenesis\3.4\objenesis-3.4.jar;C:\Users\Djurkovic\.m2\repository\com\esotericsoftware\minlog\1.3.1\minlog-1.3.1.jar;"/>
    <property name="sun.cpu.endian" value="little"/>
    <property name="user.home" value="C:\Users\Djurkovic"/>
    <property name="user.language" value="en"/>
    <property name="java.specification.vendor" value="Oracle Corporation"/>
    <property name="java.version.date" value="2024-10-15"/>
    <property name="java.home" value="C:\Program Files\Java\jdk-23"/>
    <property name="file.separator" value="\"/>
    <property name="basedir" value="C:\Users\Djurkovic\Documents\NetBeansProjects\Boris_Djurkovic_20220061_ProjSoft_server_maven"/>
    <property name="java.vm.compressedOopsMode" value="Zero based"/>
    <property name="line.separator" value="&#10;"/>
    <property name="java.vm.specification.vendor" value="Oracle Corporation"/>
    <property name="java.specification.name" value="Java Platform API Specification"/>
    <property name="surefire.real.class.path" value="C:\Users\Djurkovic\AppData\Local\Temp\surefire1895608306264817275\surefirebooter-20250707225040019_3.jar"/>
    <property name="user.script" value=""/>
    <property name="sun.management.compiler" value="HotSpot 64-Bit Tiered Compilers"/>
    <property name="java.runtime.version" value="23.0.1+11-39"/>
    <property name="user.name" value="Djurkovic"/>
    <property name="stdout.encoding" value="Cp1252"/>
    <property name="path.separator" value=";"/>
    <property name="os.version" value="10.0"/>
    <property name="java.runtime.name" value="Java(TM) SE Runtime Environment"/>
    <property name="file.encoding" value="UTF-8"/>
    <property name="java.vm.name" value="Java HotSpot(TM) 64-Bit Server VM"/>
    <property name="localRepository" value="C:\Users\Djurkovic\.m2\repository"/>
    <property name="java.vendor.url.bug" value="https://bugreport.java.com/bugreport/"/>
    <property name="java.io.tmpdir" value="C:\Users\DJURKO~1\AppData\Local\Temp\"/>
    <property name="idea.version" value="2024.2.3"/>
    <property name="com.zaxxer.hikari.pool_number" value="1"/>
    <property name="java.version" value="23.0.1"/>
    <property name="user.dir" value="C:\Users\Djurkovic\Documents\NetBeansProjects\Boris_Djurkovic_20220061_ProjSoft_server_maven"/>
    <property name="os.arch" value="amd64"/>
    <property name="java.vm.specification.name" value="Java Virtual Machine Specification"/>
    <property name="sun.os.patch.level" value=""/>
    <property name="native.encoding" value="Cp1252"/>
    <property name="java.library.path" value="C:\Program Files\Java\jdk-23\bin;C:\WINDOWS\Sun\Java\bin;C:\WINDOWS\system32;C:\WINDOWS;C:\oraclexe\app\oracle\product\11.2.0\server\bin;C:\Program Files\Common Files\Oracle\Java\javapath;C:\Program Files (x86)\Common Files\Oracle\Java\java8path;C:\Program Files (x86)\Common Files\Oracle\Java\javapath;C:\ProgramData\Oracle\Java\javapath;C:\Windows\system32;C:\Windows;C:\Windows\System32\Wbem;C:\Windows\System32\WindowsPowerShell\v1.0\;C:\Program Files (x86)\NVIDIA Corporation\PhysX\Common;C:\WINDOWS\system32;C:\WINDOWS;C:\WINDOWS\System32\Wbem;C:\WINDOWS\System32\WindowsPowerShell\v1.0\;C:\WINDOWS\System32\OpenSSH\;C:\Lua;C:\Program Files\nodejs\;C:\mingw64\bin;C:\Program Files\Microsoft Network Monitor 3\;C:\ProgramData\chocolatey\bin;C:\Program Files\dotnet\;C:\Program Files\Microsoft SQL Server\150\Tools\Binn\;C:\Program Files\Microsoft SQL Server\Client SDK\ODBC\170\Tools\Binn\;C:\Program Files\Docker\Docker\resources\bin;C:\Program Files\Java\jdk-15.0.1\bin;C:\Program Files\Git\cmd;C:\Program Files\MATLAB\R2024b\bin;C:\Program Files\Calibre2\;C:\Program Files\PuTTY\;C:\Users\Djurkovic\AppData\Local\Programs\Python\Python310\Scripts\;C:\Users\Djurkovic\AppData\Local\Programs\Python\Python310\;C:\Users\Djurkovic\scoop\shims;C:\Ruby27-x64\bin;C:\Users\Djurkovic\AppData\Local\Programs\Python\Python39\Scripts\;C:\Users\Djurkovic\AppData\Local\Programs\Python\Python39\;C:\Users\Djurkovic\AppData\Local\Microsoft\WindowsApps;C:\Users\Djurkovic\AppData\Local\Microsoft\WindowsApps;C:\Users\Djurkovic\AppData\Local\Programs\Microsoft VS Code\bin;C:\Users\Djurkovic\AppData\Local\Programs\Python;C:\ffmpeg\bin;C:\Users\Djurkovic\AppData\Local\atom\bin;C:\Users\Djurkovic\AppData\Roaming\npm;C:\Users\Djurkovic\miniconda3\Library\bin;C:\Users\Djurkovic\miniconda3\Scripts;C:\Users\Djurkovic\miniconda3\condabin;C:\Users\Djurkovic\.dotnet\tools;C:\Users\Djurkovic\AppData\Local\Pandoc\;C:\Users\Djurkovic\AppData\Local\Programs\MiKTeX\miktex\bin\x64\;C:\Program Files\JetBrains\CLion 2024.2.1\bin;;C:\Program Files\JetBrains\IntelliJ IDEA 2024.2.3\bin;;."/>
    <property name="java.vm.info" value="mixed mode, sharing"/>
    <property name="stderr.encoding" value="Cp1252"/>
    <property name="java.vendor" value="Oracle Corporation"/>
    <property name="java.vm.version" value="23.0.1+11-39"/>
    <property name="sun.io.unicode.encoding" value="UnicodeLittle"/>
    <property name="java.class.version" value="67.0"/>
  </properties>
  <testcase name="test01_Obrisi_strukturnoOgranicenjeDeleteZaposleni" classname="slojbaze.ObrisiTest" time="0.041">
    <system-out><![CDATA[Dodajem dodatne entiete za testiranje...
[INFO] 2025-07-07 22:50:48 - Uspesno ubacivanje entiteta [Zaposleni{id=666, ime=Marko, prezime=Markovic, email=markomarkovic@gmail.com, salt=y/fz/U+cLJ/64aESDDkZVg==}]
[INFO] 2025-07-07 22:50:48 -   ************** LOG BROKERA **************
null
Uspesno zapamcen slog u bazi. 

[INFO] 2025-07-07 22:50:48 - ************** KRAJ LOGA BROKERA **************
[INFO] 2025-07-07 22:50:48 - Uspesno ubacivanje entiteta [StavkaIznajmljivanja{iznajmljivanje=Iznajmljivanje{id=1, datumSklapanja=null, ukupanIznos=null, zaposleni=null, vozac=null, stavke=null}, rb=2, datumPocetka=2025-07-07, datumZavrsetka=2025-07-22, iznos=111.0, vozilo=null null (id = 1)}]
[INFO] 2025-07-07 22:50:48 -   ************** LOG BROKERA **************

Uspesno zapamcen slog u bazi. 

[INFO] 2025-07-07 22:50:48 - ************** KRAJ LOGA BROKERA **************
[INFO] 2025-07-07 22:50:48 - Uspesno ubacivanje entiteta [iznajmljivanjeapp.domain.Smena@53f3bdbd]
[INFO] 2025-07-07 22:50:48 -   ************** LOG BROKERA **************

Uspesno zapamcen slog u bazi. 

[INFO] 2025-07-07 22:50:48 - ************** KRAJ LOGA BROKERA **************
[INFO] 2025-07-07 22:50:48 - Uspesno ubacivanje entiteta [Mercedes kako god (id = 44)]
[INFO] 2025-07-07 22:50:48 -   ************** LOG BROKERA **************

Uspesno zapamcen slog u bazi. 

[INFO] 2025-07-07 22:50:48 - ************** KRAJ LOGA BROKERA **************
[INFO] 2025-07-07 22:50:48 - Uspesno ubacivanje entiteta [Dozvola{id=44, kategorija=A}]
[INFO] 2025-07-07 22:50:48 -   ************** LOG BROKERA **************

Uspesno zapamcen slog u bazi. 

[INFO] 2025-07-07 22:50:48 - ************** KRAJ LOGA BROKERA **************
[INFO] 2025-07-07 22:50:49 - Uspesno ubacivanje entiteta [TerminDezurstva{id=44, napomena=aaaa, smene=null, tipTermina=NOC}]
[INFO] 2025-07-07 22:50:49 -   ************** LOG BROKERA **************

Uspesno zapamcen slog u bazi. 

[INFO] 2025-07-07 22:50:49 - ************** KRAJ LOGA BROKERA **************
[INFO] 2025-07-07 22:50:49 - Uspesno ubacivanje entiteta [Vozac{id=44, ime=Petar, prezime=Jovanovic, email=petjov@yahoo.com, dozvola=Dozvola{id=1, kategorija=null}}]
[INFO] 2025-07-07 22:50:49 -   ************** LOG BROKERA **************

Uspesno zapamcen slog u bazi. 

[INFO] 2025-07-07 22:50:49 - ************** KRAJ LOGA BROKERA **************
[INFO] 2025-07-07 22:50:49 - Uspesno ubacivanje entiteta [Iznajmljivanje{id=44, datumSklapanja=2025-07-07, ukupanIznos=12345.0, zaposleni=Zaposleni{id=1, ime=null, prezime=null, email=null, salt=null}, vozac=Vozac{id=1, ime=null, prezime=null, email=null, dozvola=null}, stavke=null}]
[INFO] 2025-07-07 22:50:49 -   ************** LOG BROKERA **************

Uspesno zapamcen slog u bazi. 

[INFO] 2025-07-07 22:50:49 - ************** KRAJ LOGA BROKERA **************
[INFO] 2025-07-07 22:50:49 - Uspesno ubacivanje entiteta [Iznajmljivanje{id=447, datumSklapanja=2025-07-07, ukupanIznos=12345.0, zaposleni=Zaposleni{id=1, ime=null, prezime=null, email=null, salt=null}, vozac=Vozac{id=1, ime=null, prezime=null, email=null, dozvola=null}, stavke=null}]
[INFO] 2025-07-07 22:50:49 -   ************** LOG BROKERA **************

Uspesno zapamcen slog u bazi. 

[INFO] 2025-07-07 22:50:49 - ************** KRAJ LOGA BROKERA **************
[INFO] 2025-07-07 22:50:49 - Uspesno ubacivanje entiteta [StavkaIznajmljivanja{iznajmljivanje=Iznajmljivanje{id=447, datumSklapanja=null, ukupanIznos=null, zaposleni=null, vozac=null, stavke=null}, rb=1, datumPocetka=2025-07-07, datumZavrsetka=2025-07-22, iznos=111.0, vozilo=null null (id = 1)}]
[INFO] 2025-07-07 22:50:49 -   ************** LOG BROKERA **************

Uspesno zapamcen slog u bazi. 

[INFO] 2025-07-07 22:50:49 - ************** KRAJ LOGA BROKERA **************
Provera da li strukturno ogranicenje "ON DELETE RESTRICTED Iznajmljivanje ZapTer" ispravno funkcionise pri brisanju zaposlenog
Zaposleni nije obrisan jer se vezuje za postojece iznajmljivanje/zapter
---------------------------------------------------------------------------------
]]></system-out>
  </testcase>
  <testcase name="test02_Obrisi_strukturnoOgranicenjeDeleteVozilo" classname="slojbaze.ObrisiTest" time="0.058">
    <system-out><![CDATA[Provera da li strukturno ogranicenje "ON DELETE RESTRICTED StavkaIznajmljivanja" ispravno funkcionise pri brisanju vozila
Vozilo nije obrisano jer se vezuje za postojecu stavku iznajmljivanja.
---------------------------------------------------------------------------------
]]></system-out>
  </testcase>
  <testcase name="test03_Obrisi_strukturnoOgranicenjeDeleteDozvola" classname="slojbaze.ObrisiTest" time="0.149">
    <system-out><![CDATA[Provera da li strukturno ogranicenje "ON DELETE RESTRICTED Vozac" ispravno funkcionise pri brisanju dozvole
Dozvola nije obrisana jer se vezuje za postojeceg  vozaca.
---------------------------------------------------------------------------------
]]></system-out>
  </testcase>
  <testcase name="test04_Obrisi_strukturnoOgranicenjeTerminDezurstva" classname="slojbaze.ObrisiTest" time="0.085">
    <system-out><![CDATA[Provera da li strukturno ogranicenje "ON DELETE RESTRICTED ZapTer" ispravno funkcionise pri brisanju termina dezurstva
Termin dezurstva nije obrisan jer se vezuje za postojeci zapter
---------------------------------------------------------------------------------
]]></system-out>
  </testcase>
  <testcase name="test05_Obrisi_strukturnoOgranicenjeVozac" classname="slojbaze.ObrisiTest" time="0.055">
    <system-out><![CDATA[Provera da li strukturno ogranicenje "ON DELETE RESTRICTED Iznajmljivanje" ispravno funkcionise pri brisanju vozaca
Vozac nije obrisan jer se vezuje za postojeci iznajmljivanje
---------------------------------------------------------------------------------
]]></system-out>
  </testcase>
  <testcase name="test06_Obrisi_strukturnoOgranicenjeIznajmljivanje" classname="slojbaze.ObrisiTest" time="0.066">
    <system-out><![CDATA[Provera da li strukturno ogranicenje "ON DELETE CASCADES StavkaIznajmljivanja" ispravno funkcionise pri brisanju iznajmljivanja
[INFO] 2025-07-07 22:50:50 - Uspesno brisanje entiteta [Iznajmljivanje{id=447, datumSklapanja=null, ukupanIznos=null, zaposleni=null, vozac=null, stavke=null}]
[INFO] 2025-07-07 22:50:50 -   ************** LOG BROKERA **************

Nije uspesno zapamcen slog u bazi. java.sql.SQLIntegrityConstraintViolationException: Cannot delete or update a parent row: a foreign key constraint fails (`projektovanjesoftvera_seminarski`.`iznajmljivanje`, CONSTRAINT `iznajmljivanje_ibfk_1` FOREIGN KEY (`idZaposleni`) REFERENCES `zaposleni` (`id`) ON UPDATE CASCADE)
Nije uspesno zapamcen slog u bazi. java.sql.SQLIntegrityConstraintViolationException: Cannot delete or update a parent row: a foreign key constraint fails (`projektovanjesoftvera_seminarski`.`stavkaiznajmljivanja`, CONSTRAINT `stavkaiznajmljivanja_ibfk_2` FOREIGN KEY (`idVozilo`) REFERENCES `vozilo` (`id`) ON UPDATE CASCADE)
Nije uspesno zapamcen slog u bazi. java.sql.SQLIntegrityConstraintViolationException: Cannot delete or update a parent row: a foreign key constraint fails (`projektovanjesoftvera_seminarski`.`vozac`, CONSTRAINT `vozac_ibfk_1` FOREIGN KEY (`idDozvola`) REFERENCES `dozvola` (`id`) ON UPDATE CASCADE)
Nije uspesno zapamcen slog u bazi. java.sql.SQLIntegrityConstraintViolationException: Cannot delete or update a parent row: a foreign key constraint fails (`projektovanjesoftvera_seminarski`.`zapter`, CONSTRAINT `zapter_ibfk_2` FOREIGN KEY (`idTerminDezurstva`) REFERENCES `termindezurstva` (`id`) ON UPDATE CASCADE)
Nije uspesno zapamcen slog u bazi. java.sql.SQLIntegrityConstraintViolationException: Cannot delete or update a parent row: a foreign key constraint fails (`projektovanjesoftvera_seminarski`.`iznajmljivanje`, CONSTRAINT `iznajmljivanje_ibfk_2` FOREIGN KEY (`idVozac`) REFERENCES `vozac` (`id`) ON UPDATE CASCADE)
Uspesno obrisan slog u bazi. 

[INFO] 2025-07-07 22:50:50 - ************** KRAJ LOGA BROKERA **************
Iznajmljivanje je obrisano kao i stavke iznajmljivanja koje se za njega vezuju
---------------------------------------------------------------------------------
]]></system-out>
  </testcase>
  <testcase name="test07_Obrisi_strukturnoOgranicenjeStavkaIznajmljivanje" classname="slojbaze.ObrisiTest" time="0.11">
    <system-out><![CDATA[Provera da li strukturno ogranicenje "ON DELETE /" ispravno funkcionise pri brisanju stavke iznajmljivanja
[INFO] 2025-07-07 22:50:50 - Uspesno brisanje entiteta [StavkaIznajmljivanja{iznajmljivanje=Iznajmljivanje{id=1, datumSklapanja=null, ukupanIznos=null, zaposleni=null, vozac=null, stavke=null}, rb=2, datumPocetka=null, datumZavrsetka=null, iznos=null, vozilo=null}]
[INFO] 2025-07-07 22:50:50 -   ************** LOG BROKERA **************

Uspesno obrisan slog u bazi. 

[INFO] 2025-07-07 22:50:50 - ************** KRAJ LOGA BROKERA **************
Stavka iznajmljivanja je obrisana jer nema restricted strukturno ogranicenje ka iznajmljivanju
---------------------------------------------------------------------------------
]]></system-out>
  </testcase>
  <testcase name="test08_Obrisi_strukturnoOgranicenjeZapTer" classname="slojbaze.ObrisiTest" time="0.154">
    <system-out><![CDATA[Provera da li strukturno ogranicenje "ON DELETE /" ispravno funkcionise pri brisanju zapter
[INFO] 2025-07-07 22:50:50 - Uspesno brisanje entiteta [iznajmljivanjeapp.domain.Smena@264f218]
[INFO] 2025-07-07 22:50:50 -   ************** LOG BROKERA **************

Uspesno obrisan slog u bazi. 

[INFO] 2025-07-07 22:50:50 - ************** KRAJ LOGA BROKERA **************
Zapter je obrisan jer nema restricted strukturno ogranicenje ka iznajmljivanju
---------------------------------------------------------------------------------
]]></system-out>
  </testcase>
  <testcase name="test09_Obrisi_obrisiZaposleni" classname="slojbaze.ObrisiTest" time="0.083">
    <system-out><![CDATA[Normalno brisanje zaposlenog - ne vezuje se ni za jedan zapter ili iznajmljivanje
[INFO] 2025-07-07 22:50:50 - Uspesno brisanje entiteta [Zaposleni{id=666, ime=null, prezime=null, email=null, salt=null}]
[INFO] 2025-07-07 22:50:50 -   ************** LOG BROKERA **************

Uspesno obrisan slog u bazi. 

[INFO] 2025-07-07 22:50:50 - ************** KRAJ LOGA BROKERA **************
Zaposleni je obrisan jer se ne vezuje ni za jedan zapter ili iznajmljivanje
]]></system-out>
  </testcase>
  <testcase name="test10_Obrisi_obrisiVozilo" classname="slojbaze.ObrisiTest" time="0.148">
    <system-out><![CDATA[Normalno brisanje vozila - ne vezuje se ni za jednu stavku iznajmljivanja
[INFO] 2025-07-07 22:50:50 - Uspesno brisanje entiteta [null null (id = 44)]
[INFO] 2025-07-07 22:50:50 -   ************** LOG BROKERA **************

Uspesno obrisan slog u bazi. 

[INFO] 2025-07-07 22:50:50 - ************** KRAJ LOGA BROKERA **************
Vozilo je obrisano jer se ne vezuje ni za jednu stavku iznajmljivanja
]]></system-out>
  </testcase>
  <testcase name="test11_Obrisi_obrisiDozvola" classname="slojbaze.ObrisiTest" time="0.05">
    <system-out><![CDATA[Normalno brisanje dozvole - ne vezuje se ni za jednog vozaca
[INFO] 2025-07-07 22:50:50 - Uspesno brisanje entiteta [Dozvola{id=44, kategorija=null}]
[INFO] 2025-07-07 22:50:50 -   ************** LOG BROKERA **************

Uspesno obrisan slog u bazi. 

[INFO] 2025-07-07 22:50:50 - ************** KRAJ LOGA BROKERA **************
Dozvola je obrisana jer se ne vezuje ni za jednog vozaca
]]></system-out>
  </testcase>
  <testcase name="test12_Obrisi_obrisiTerminDezurstva" classname="slojbaze.ObrisiTest" time="0.116">
    <system-out><![CDATA[Normalno brisanje termina dezurstva - ne vezuje se ni za jedan zapter
[INFO] 2025-07-07 22:50:50 - Uspesno brisanje entiteta [TerminDezurstva{id=44, napomena=null, smene=null, tipTermina=null}]
[INFO] 2025-07-07 22:50:50 -   ************** LOG BROKERA **************

Uspesno obrisan slog u bazi. 

[INFO] 2025-07-07 22:50:50 - ************** KRAJ LOGA BROKERA **************
Termin dezurstva je obrisan jer se ne vezuje  ni za jedan zapter
]]></system-out>
  </testcase>
  <testcase name="test13_Obrisi_obrisiVozac" classname="slojbaze.ObrisiTest" time="0.062">
    <system-out><![CDATA[Normalno brisanje vozaca - ne vezuje se ni za jedno iznajmljivanje 
[INFO] 2025-07-07 22:50:50 - Uspesno brisanje entiteta [Vozac{id=44, ime=null, prezime=null, email=null, dozvola=null}]
[INFO] 2025-07-07 22:50:50 -   ************** LOG BROKERA **************

Uspesno obrisan slog u bazi. 

[INFO] 2025-07-07 22:50:50 - ************** KRAJ LOGA BROKERA **************
Vozac je obrisan jer se ne vezuje  ni za jedno iznajmljivanje
]]></system-out>
  </testcase>
  <testcase name="test14_Obrisi_obrisiIznajmljivanje" classname="slojbaze.ObrisiTest" time="0.144">
    <system-out><![CDATA[Normalno brisanje iznajmljivanja - ne vezuje se ni za jednu stavku iznajmljivanja 
[INFO] 2025-07-07 22:50:50 - Uspesno brisanje entiteta [Iznajmljivanje{id=44, datumSklapanja=null, ukupanIznos=null, zaposleni=null, vozac=null, stavke=null}]
[INFO] 2025-07-07 22:50:50 -   ************** LOG BROKERA **************

Uspesno obrisan slog u bazi. 

[INFO] 2025-07-07 22:50:50 - ************** KRAJ LOGA BROKERA **************
Iznajmljivanje je obrisano jer se ne vezuje  ni za jednu stavku iznajmljivanja
]]></system-out>
  </testcase>
</testsuite>